<?xml version="1.0" encoding="UTF-8"?>
<testsuite name="org.boot.project.springboot.web.HelloControllerTest" tests="2" skipped="0" failures="0" errors="0" timestamp="2022-03-06T11:47:16" hostname="X" time="0.157">
  <properties/>
  <testcase name="hello가_리턴된다" classname="org.boot.project.springboot.web.HelloControllerTest" time="0.035"/>
  <testcase name="helloDto가_리턴된다" classname="org.boot.project.springboot.web.HelloControllerTest" time="0.121"/>
  <system-out><![CDATA[2022-03-06 20:47:15.372  INFO 3124 --- [    Test worker] .b.t.a.w.s.WebMvcTestContextBootstrapper : Neither @ContextConfiguration nor @ContextHierarchy found for test class [org.boot.project.springboot.web.HelloControllerTest], using SpringBootContextLoader
2022-03-06 20:47:15.388  INFO 3124 --- [    Test worker] o.s.t.c.support.AbstractContextLoader    : Could not detect default resource locations for test class [org.boot.project.springboot.web.HelloControllerTest]: no resource found for suffixes {-context.xml, Context.groovy}.
2022-03-06 20:47:15.388  INFO 3124 --- [    Test worker] t.c.s.AnnotationConfigContextLoaderUtils : Could not detect default configuration classes for test class [org.boot.project.springboot.web.HelloControllerTest]: HelloControllerTest does not declare any static, non-private, non-final, nested classes annotated with @Configuration.
2022-03-06 20:47:15.403  INFO 3124 --- [    Test worker] .b.t.c.SpringBootTestContextBootstrapper : Found @SpringBootConfiguration org.boot.project.springboot.Application for test class org.boot.project.springboot.web.HelloControllerTest
2022-03-06 20:47:15.403  INFO 3124 --- [    Test worker] .b.t.a.w.s.WebMvcTestContextBootstrapper : Loaded default TestExecutionListener class names from location [META-INF/spring.factories]: [org.springframework.security.test.context.support.WithSecurityContextTestExecutionListener, org.springframework.security.test.context.support.ReactorContextTestExecutionListener, org.springframework.boot.test.autoconfigure.restdocs.RestDocsTestExecutionListener, org.springframework.boot.test.autoconfigure.web.client.MockRestServiceServerResetTestExecutionListener, org.springframework.boot.test.autoconfigure.web.servlet.MockMvcPrintOnlyOnFailureTestExecutionListener, org.springframework.boot.test.autoconfigure.web.servlet.WebDriverTestExecutionListener, org.springframework.boot.test.mock.mockito.MockitoTestExecutionListener, org.springframework.boot.test.mock.mockito.ResetMocksTestExecutionListener, org.springframework.test.context.web.ServletTestExecutionListener, org.springframework.test.context.support.DirtiesContextBeforeModesTestExecutionListener, org.springframework.test.context.support.DependencyInjectionTestExecutionListener, org.springframework.test.context.support.DirtiesContextTestExecutionListener, org.springframework.test.context.transaction.TransactionalTestExecutionListener, org.springframework.test.context.jdbc.SqlScriptsTestExecutionListener]
2022-03-06 20:47:15.403  INFO 3124 --- [    Test worker] .b.t.a.w.s.WebMvcTestContextBootstrapper : Using TestExecutionListeners: [org.springframework.test.context.web.ServletTestExecutionListener@60f7efde, org.springframework.test.context.support.DirtiesContextBeforeModesTestExecutionListener@1f0043c6, org.springframework.boot.test.mock.mockito.MockitoTestExecutionListener@29d49fd7, org.springframework.boot.test.autoconfigure.SpringBootDependencyInjectionTestExecutionListener@270d5cd5, org.springframework.test.context.support.DirtiesContextTestExecutionListener@785bdef5, org.springframework.test.context.transaction.TransactionalTestExecutionListener@65d8bc4b, org.springframework.test.context.jdbc.SqlScriptsTestExecutionListener@68ffad00, org.springframework.security.test.context.support.WithSecurityContextTestExecutionListener@25d9af3e, org.springframework.security.test.context.support.ReactorContextTestExecutionListener@3d37106, org.springframework.boot.test.autoconfigure.restdocs.RestDocsTestExecutionListener@23c9bfd3, org.springframework.boot.test.autoconfigure.web.client.MockRestServiceServerResetTestExecutionListener@364b9107, org.springframework.boot.test.autoconfigure.web.servlet.MockMvcPrintOnlyOnFailureTestExecutionListener@5e0378af, org.springframework.boot.test.autoconfigure.web.servlet.WebDriverTestExecutionListener@46406928, org.springframework.boot.test.mock.mockito.ResetMocksTestExecutionListener@28997114]

  .   ____          _            __ _ _
 /\\ / ___'_ __ _ _(_)_ __  __ _ \ \ \ \
( ( )\___ | '_ | '_| | '_ \/ _` | \ \ \ \
 \\/  ___)| |_)| | | | | || (_| |  ) ) ) )
  '  |____| .__|_| |_|_| |_\__, | / / / /
 =========|_|==============|___/=/_/_/_/
 :: Spring Boot ::        (v2.1.9.RELEASE)

2022-03-06 20:47:15.450  INFO 3124 --- [    Test worker] o.b.p.s.web.HelloControllerTest          : Starting HelloControllerTest on x with PID 3124 (started by 고민영 in C:\Users\고민영\Desktop\SpringBoot)
2022-03-06 20:47:15.450  INFO 3124 --- [    Test worker] o.b.p.s.web.HelloControllerTest          : No active profile set, falling back to default profiles: default
2022-03-06 20:47:16.254  INFO 3124 --- [    Test worker] o.s.s.concurrent.ThreadPoolTaskExecutor  : Initializing ExecutorService 'applicationTaskExecutor'
2022-03-06 20:47:16.301  INFO 3124 --- [    Test worker] o.s.b.a.w.s.WelcomePageHandlerMapping    : Adding welcome page template: index
2022-03-06 20:47:16.535  INFO 3124 --- [    Test worker] .s.s.UserDetailsServiceAutoConfiguration : 

Using generated security password: a46dbcb5-65f9-4b38-a9ae-ec9f82d3213b

2022-03-06 20:47:16.709  INFO 3124 --- [    Test worker] o.s.s.web.DefaultSecurityFilterChain     : Creating filter chain: any request, [org.springframework.security.web.context.request.async.WebAsyncManagerIntegrationFilter@13b70adc, org.springframework.security.web.context.SecurityContextPersistenceFilter@49e25851, org.springframework.security.web.header.HeaderWriterFilter@2c483e0a, org.springframework.security.web.csrf.CsrfFilter@5e58b297, org.springframework.security.web.authentication.logout.LogoutFilter@695f1601, org.springframework.security.web.authentication.UsernamePasswordAuthenticationFilter@77034f0a, org.springframework.security.web.authentication.ui.DefaultLoginPageGeneratingFilter@72e3aaf, org.springframework.security.web.authentication.ui.DefaultLogoutPageGeneratingFilter@3cb86e49, org.springframework.security.web.authentication.www.BasicAuthenticationFilter@6f7c6322, org.springframework.security.web.savedrequest.RequestCacheAwareFilter@22441b62, org.springframework.security.web.servletapi.SecurityContextHolderAwareRequestFilter@4f91d94e, org.springframework.security.web.authentication.AnonymousAuthenticationFilter@30517f8f, org.springframework.security.web.session.SessionManagementFilter@371ffd1e, org.springframework.security.web.access.ExceptionTranslationFilter@41754708, org.springframework.security.web.access.intercept.FilterSecurityInterceptor@1c15a3f9]
2022-03-06 20:47:16.753  INFO 3124 --- [    Test worker] o.s.b.t.m.w.SpringBootMockServletContext : Initializing Spring TestDispatcherServlet ''
2022-03-06 20:47:16.755  INFO 3124 --- [    Test worker] o.s.t.web.servlet.TestDispatcherServlet  : Initializing Servlet ''
2022-03-06 20:47:16.772  INFO 3124 --- [    Test worker] o.s.t.web.servlet.TestDispatcherServlet  : Completed initialization in 17 ms
2022-03-06 20:47:16.804  INFO 3124 --- [    Test worker] o.b.p.s.web.HelloControllerTest          : Started HelloControllerTest in 1.401 seconds (JVM running for 25.849)
]]></system-out>
  <system-err><![CDATA[]]></system-err>
</testsuite>
