<?xml version="1.0" encoding="UTF-8"?>
<testsuite name="org.boot.project.springboot.domain.posts.PostsRepositoryTest" tests="2" skipped="0" failures="0" errors="0" timestamp="2022-03-06T11:47:15" hostname="X" time="0.156">
  <properties/>
  <testcase name="게시글저장_불러오기" classname="org.boot.project.springboot.domain.posts.PostsRepositoryTest" time="0.138"/>
  <testcase name="BaseTimeEntity_등록" classname="org.boot.project.springboot.domain.posts.PostsRepositoryTest" time="0.017"/>
  <system-out><![CDATA[2022-03-06 20:47:11.363  INFO 3124 --- [    Test worker] .b.t.c.SpringBootTestContextBootstrapper : Neither @ContextConfiguration nor @ContextHierarchy found for test class [org.boot.project.springboot.domain.posts.PostsRepositoryTest], using SpringBootContextLoader
2022-03-06 20:47:11.363  INFO 3124 --- [    Test worker] o.s.t.c.support.AbstractContextLoader    : Could not detect default resource locations for test class [org.boot.project.springboot.domain.posts.PostsRepositoryTest]: no resource found for suffixes {-context.xml, Context.groovy}.
2022-03-06 20:47:11.363  INFO 3124 --- [    Test worker] t.c.s.AnnotationConfigContextLoaderUtils : Could not detect default configuration classes for test class [org.boot.project.springboot.domain.posts.PostsRepositoryTest]: PostsRepositoryTest does not declare any static, non-private, non-final, nested classes annotated with @Configuration.
2022-03-06 20:47:11.414  INFO 3124 --- [    Test worker] .b.t.c.SpringBootTestContextBootstrapper : Found @SpringBootConfiguration org.boot.project.springboot.Application for test class org.boot.project.springboot.domain.posts.PostsRepositoryTest
2022-03-06 20:47:11.414  INFO 3124 --- [    Test worker] .b.t.c.SpringBootTestContextBootstrapper : Loaded default TestExecutionListener class names from location [META-INF/spring.factories]: [org.springframework.security.test.context.support.WithSecurityContextTestExecutionListener, org.springframework.security.test.context.support.ReactorContextTestExecutionListener, org.springframework.boot.test.autoconfigure.restdocs.RestDocsTestExecutionListener, org.springframework.boot.test.autoconfigure.web.client.MockRestServiceServerResetTestExecutionListener, org.springframework.boot.test.autoconfigure.web.servlet.MockMvcPrintOnlyOnFailureTestExecutionListener, org.springframework.boot.test.autoconfigure.web.servlet.WebDriverTestExecutionListener, org.springframework.boot.test.mock.mockito.MockitoTestExecutionListener, org.springframework.boot.test.mock.mockito.ResetMocksTestExecutionListener, org.springframework.test.context.web.ServletTestExecutionListener, org.springframework.test.context.support.DirtiesContextBeforeModesTestExecutionListener, org.springframework.test.context.support.DependencyInjectionTestExecutionListener, org.springframework.test.context.support.DirtiesContextTestExecutionListener, org.springframework.test.context.transaction.TransactionalTestExecutionListener, org.springframework.test.context.jdbc.SqlScriptsTestExecutionListener]
2022-03-06 20:47:11.414  INFO 3124 --- [    Test worker] .b.t.c.SpringBootTestContextBootstrapper : Using TestExecutionListeners: [org.springframework.test.context.web.ServletTestExecutionListener@51d3ac3c, org.springframework.test.context.support.DirtiesContextBeforeModesTestExecutionListener@15420a29, org.springframework.boot.test.mock.mockito.MockitoTestExecutionListener@3003e4e0, org.springframework.boot.test.autoconfigure.SpringBootDependencyInjectionTestExecutionListener@6342fc9b, org.springframework.test.context.support.DirtiesContextTestExecutionListener@2f3c1e83, org.springframework.test.context.transaction.TransactionalTestExecutionListener@2a2a4a0f, org.springframework.test.context.jdbc.SqlScriptsTestExecutionListener@5a18f4e, org.springframework.security.test.context.support.WithSecurityContextTestExecutionListener@71f31d45, org.springframework.security.test.context.support.ReactorContextTestExecutionListener@3ef4ddfe, org.springframework.boot.test.autoconfigure.restdocs.RestDocsTestExecutionListener@46f6821d, org.springframework.boot.test.autoconfigure.web.client.MockRestServiceServerResetTestExecutionListener@4fa4be72, org.springframework.boot.test.autoconfigure.web.servlet.MockMvcPrintOnlyOnFailureTestExecutionListener@26549bf6, org.springframework.boot.test.autoconfigure.web.servlet.WebDriverTestExecutionListener@3e57b9ef, org.springframework.boot.test.mock.mockito.ResetMocksTestExecutionListener@4cc32252]

  .   ____          _            __ _ _
 /\\ / ___'_ __ _ _(_)_ __  __ _ \ \ \ \
( ( )\___ | '_ | '_| | '_ \/ _` | \ \ \ \
 \\/  ___)| |_)| | | | | || (_| |  ) ) ) )
  '  |____| .__|_| |_|_| |_\__, | / / / /
 =========|_|==============|___/=/_/_/_/
 :: Spring Boot ::        (v2.1.9.RELEASE)

2022-03-06 20:47:11.695  INFO 3124 --- [    Test worker] o.b.p.s.d.posts.PostsRepositoryTest      : Starting PostsRepositoryTest on x with PID 3124 (started by 고민영 in C:\Users\고민영\Desktop\SpringBoot)
2022-03-06 20:47:11.695  INFO 3124 --- [    Test worker] o.b.p.s.d.posts.PostsRepositoryTest      : No active profile set, falling back to default profiles: default
2022-03-06 20:47:12.581  INFO 3124 --- [    Test worker] .s.d.r.c.RepositoryConfigurationDelegate : Bootstrapping Spring Data repositories in DEFAULT mode.
2022-03-06 20:47:12.693  INFO 3124 --- [    Test worker] .s.d.r.c.RepositoryConfigurationDelegate : Finished Spring Data repository scanning in 112ms. Found 2 repository interfaces.
2022-03-06 20:47:12.875  INFO 3124 --- [    Test worker] trationDelegate$BeanPostProcessorChecker : Bean 'org.springframework.transaction.annotation.ProxyTransactionManagementConfiguration' of type [org.springframework.transaction.annotation.ProxyTransactionManagementConfiguration$$EnhancerBySpringCGLIB$$e8882af2] is not eligible for getting processed by all BeanPostProcessors (for example: not eligible for auto-proxying)
2022-03-06 20:47:13.002  INFO 3124 --- [    Test worker] com.zaxxer.hikari.HikariDataSource       : HikariPool-2 - Starting...
2022-03-06 20:47:13.002  INFO 3124 --- [    Test worker] com.zaxxer.hikari.HikariDataSource       : HikariPool-2 - Start completed.
2022-03-06 20:47:13.080  INFO 3124 --- [    Test worker] o.hibernate.jpa.internal.util.LogHelper  : HHH000204: Processing PersistenceUnitInfo [
	name: default
	...]
2022-03-06 20:47:13.137  INFO 3124 --- [    Test worker] org.hibernate.dialect.Dialect            : HHH000400: Using dialect: org.hibernate.dialect.MySQL5InnoDBDialect
Hibernate: drop table if exists posts
Hibernate: drop table if exists user
Hibernate: create table posts (id bigint not null auto_increment, created_date datetime, modified_date datetime, author varchar(255), content TEXT not null, title varchar(500) not null, primary key (id)) engine=InnoDB
Hibernate: create table user (id bigint not null auto_increment, created_date datetime, modified_date datetime, email varchar(255) not null, name varchar(255) not null, picture varchar(255), role varchar(255) not null, primary key (id)) engine=InnoDB
2022-03-06 20:47:13.200  INFO 3124 --- [    Test worker] o.h.t.schema.internal.SchemaCreatorImpl  : HHH000476: Executing import script 'org.hibernate.tool.schema.internal.exec.ScriptSourceInputNonExistentImpl@4d5e5b37'
2022-03-06 20:47:13.200  INFO 3124 --- [    Test worker] j.LocalContainerEntityManagerFactoryBean : Initialized JPA EntityManagerFactory for persistence unit 'default'
2022-03-06 20:47:13.481  INFO 3124 --- [    Test worker] o.h.h.i.QueryTranslatorFactoryInitiator  : HHH000397: Using ASTQueryTranslatorFactory
2022-03-06 20:47:13.791  INFO 3124 --- [    Test worker] o.s.s.web.DefaultSecurityFilterChain     : Creating filter chain: any request, [org.springframework.security.web.context.request.async.WebAsyncManagerIntegrationFilter@6015266b, org.springframework.security.web.context.SecurityContextPersistenceFilter@65e9fd39, org.springframework.security.web.header.HeaderWriterFilter@af14ab4, org.springframework.security.web.authentication.logout.LogoutFilter@457188cc, org.springframework.security.oauth2.client.web.OAuth2AuthorizationRequestRedirectFilter@cc7115e, org.springframework.security.oauth2.client.web.OAuth2LoginAuthenticationFilter@71dc392e, org.springframework.security.web.authentication.ui.DefaultLoginPageGeneratingFilter@6fdbb03b, org.springframework.security.web.authentication.ui.DefaultLogoutPageGeneratingFilter@6cde9b1e, org.springframework.security.web.savedrequest.RequestCacheAwareFilter@28e45aed, org.springframework.security.web.servletapi.SecurityContextHolderAwareRequestFilter@28c011af, org.springframework.security.web.authentication.AnonymousAuthenticationFilter@58273a3a, org.springframework.security.web.session.SessionManagementFilter@1d9b48e4, org.springframework.security.web.access.ExceptionTranslationFilter@a98eb12, org.springframework.security.web.access.intercept.FilterSecurityInterceptor@37377e01]
2022-03-06 20:47:14.453  INFO 3124 --- [    Test worker] o.s.s.concurrent.ThreadPoolTaskExecutor  : Initializing ExecutorService 'applicationTaskExecutor'
2022-03-06 20:47:14.477  WARN 3124 --- [    Test worker] aWebConfiguration$JpaWebMvcConfiguration : spring.jpa.open-in-view is enabled by default. Therefore, database queries may be performed during view rendering. Explicitly configure spring.jpa.open-in-view to disable this warning
2022-03-06 20:47:14.541  INFO 3124 --- [    Test worker] o.s.b.a.w.s.WelcomePageHandlerMapping    : Adding welcome page template: index
2022-03-06 20:47:15.185  INFO 3124 --- [    Test worker] s.a.ScheduledAnnotationBeanPostProcessor : No TaskScheduler/ScheduledExecutorService bean found for scheduled processing
2022-03-06 20:47:15.185  INFO 3124 --- [    Test worker] o.b.p.s.d.posts.PostsRepositoryTest      : Started PostsRepositoryTest in 3.756 seconds (JVM running for 24.231)
Hibernate: insert into posts (created_date, modified_date, author, content, title) values (?, ?, ?, ?, ?)
Hibernate: select posts0_.id as id1_0_, posts0_.created_date as created_2_0_, posts0_.modified_date as modified3_0_, posts0_.author as author4_0_, posts0_.content as content5_0_, posts0_.title as title6_0_ from posts posts0_
Hibernate: select posts0_.id as id1_0_, posts0_.created_date as created_2_0_, posts0_.modified_date as modified3_0_, posts0_.author as author4_0_, posts0_.content as content5_0_, posts0_.title as title6_0_ from posts posts0_
Hibernate: delete from posts where id=?
Hibernate: insert into posts (created_date, modified_date, author, content, title) values (?, ?, ?, ?, ?)
Hibernate: select posts0_.id as id1_0_, posts0_.created_date as created_2_0_, posts0_.modified_date as modified3_0_, posts0_.author as author4_0_, posts0_.content as content5_0_, posts0_.title as title6_0_ from posts posts0_
>>>>>>>>> createDate=2022-03-06T20:47:15.341409, modifiedDate=2022-03-06T20:47:15.341409
Hibernate: select posts0_.id as id1_0_, posts0_.created_date as created_2_0_, posts0_.modified_date as modified3_0_, posts0_.author as author4_0_, posts0_.content as content5_0_, posts0_.title as title6_0_ from posts posts0_
Hibernate: delete from posts where id=?
]]></system-out>
  <system-err><![CDATA[]]></system-err>
</testsuite>
